<?xml version="1.0" encoding="UTF-8"?>
<testsuite name="Checkers.MovementLogicTest" tests="4" skipped="0" failures="0" errors="0" timestamp="2021-02-14T18:22:54" hostname="DESKTOP-UCCH3S6" time="0.01">
  <properties/>
  <testcase name="testMovmentLogicNormal" classname="Checkers.MovementLogicTest" time="0.003"/>
  <testcase name="testMovmentLogicKill" classname="Checkers.MovementLogicTest" time="0.003"/>
  <testcase name="testMovmentLogicNone" classname="Checkers.MovementLogicTest" time="0.002"/>
  <testcase name="testMovmentLogicToBoard" classname="Checkers.MovementLogicTest" time="0.002"/>
  <system-out><![CDATA[This is test bench
This is test bench
This is test bench
This is test bench
]]></system-out>
  <system-err><![CDATA[]]></system-err>
</testsuite>
