<?xml version="1.0" encoding="UTF-8"?>
<testsuite name="Checkers.MovementLogicTest" tests="4" skipped="0" failures="0" errors="0" timestamp="2019-03-02T17:33:46" hostname="DESKTOP-3V0R2PN" time="0.018">
  <properties/>
  <testcase name="testMovmentLogicNormal" classname="Checkers.MovementLogicTest" time="0.005"/>
  <testcase name="testMovmentLogicKill" classname="Checkers.MovementLogicTest" time="0.004"/>
  <testcase name="testMovmentLogicNone" classname="Checkers.MovementLogicTest" time="0.003"/>
  <testcase name="testMovmentLogicToBoard" classname="Checkers.MovementLogicTest" time="0.004"/>
  <system-out><![CDATA[This is test bench
This is test bench
This is test bench
This is test bench
]]></system-out>
  <system-err><![CDATA[]]></system-err>
</testsuite>
