<?xml version="1.0" encoding="UTF-8"?>
<testsuite name="Checkers.MovementLogicTest" tests="4" skipped="0" failures="0" errors="0" timestamp="2019-03-04T11:51:44" hostname="DESKTOP-3HSK40D" time="0.09">
  <properties/>
  <testcase name="testMovmentLogicNormal" classname="Checkers.MovementLogicTest" time="0.007"/>
  <testcase name="testMovmentLogicKill" classname="Checkers.MovementLogicTest" time="0.068"/>
  <testcase name="testMovmentLogicNone" classname="Checkers.MovementLogicTest" time="0.006"/>
  <testcase name="testMovmentLogicToBoard" classname="Checkers.MovementLogicTest" time="0.009"/>
  <system-out><![CDATA[This is test bench
Normal Piece
This is test bench
This is test bench
None
This is test bench
]]></system-out>
  <system-err><![CDATA[]]></system-err>
</testsuite>
