<?xml version="1.0" encoding="UTF-8"?>
<testsuite name="Checkers.PieceTest" tests="2" skipped="0" failures="0" errors="0" timestamp="2019-03-02T17:33:46" hostname="DESKTOP-3V0R2PN" time="0.007">
  <properties/>
  <testcase name="testPieceMoveDoneNoMove" classname="Checkers.PieceTest" time="0.004"/>
  <testcase name="testPieceMoveDone" classname="Checkers.PieceTest" time="0.003"/>
  <system-out><![CDATA[This is test bench
This is test bench
]]></system-out>
  <system-err><![CDATA[]]></system-err>
</testsuite>
